<?xml version="1.0" encoding="UTF-8"?>
<testsuite name="com.app.ApplicationTest" tests="1" skipped="0" failures="0" errors="0" timestamp="2025-12-02T18:07:48.843Z" hostname="MacBook-Pro-de-Sr.local" time="0.547">
  <properties/>
  <testcase name="testRoot" classname="com.app.ApplicationTest" time="0.547"/>
  <system-out><![CDATA[2025-12-02 15:07:49.165 [DefaultDispatcher-worker-2 @call-context#3] INFO  io.ktor.test - No ktor.deployment.watch patterns specified, automatic reload is not active.
2025-12-02 15:07:49.348 [DefaultDispatcher-worker-2 @call-context#3] INFO  io.ktor.test - Application started in 0.19 seconds.
2025-12-02 15:07:49.349 [DefaultDispatcher-worker-3 @coroutine#5] INFO  io.ktor.test - Responding at http://localhost:80
2025-12-02 15:07:49.349 [DefaultDispatcher-worker-3 @coroutine#5] INFO  io.ktor.test - Responding at https://localhost:443
]]></system-out>
  <system-err><![CDATA[]]></system-err>
</testsuite>
